<?xml version="1.0" encoding="UTF-8"?>
<testsuite xmlns:xsi="http://www.w3.org/2001/XMLSchema-instance" xsi:noNamespaceSchemaLocation="https://maven.apache.org/surefire/maven-surefire-plugin/xsd/surefire-test-report-3.0.xsd" version="3.0" name="com.epam.businessdictionary.api.DictionaryControllerTest" time="2.809" tests="6" errors="0" skipped="0" failures="0">
  <properties>
[...]
</properties>
  <testcase name="returns200ForValidUpdateRequest" classname="com.epam.businessdictionary.api.DictionaryControllerTest" time="0.25">
    <system-out><![CDATA[17:04:39.891 [main] INFO org.springframework.test.context.support.AnnotationConfigContextLoaderUtils -- Could not detect default configuration classes for test class [com.epam.businessdictionary.api.DictionaryControllerTest]: DictionaryControllerTest does not declare any static, non-private, non-final, nested classes annotated with @Configuration.
17:04:39.985 [main] INFO org.springframework.boot.test.context.SpringBootTestContextBootstrapper -- Found @SpringBootConfiguration com.epam.businessdictionary.BusinessDictionaryApplication for test class com.epam.businessdictionary.api.DictionaryControllerTest

  .   ____          _            __ _ _
 /\\ / ___'_ __ _ _(_)_ __  __ _ \ \ \ \
( ( )\___ | '_ | '_| | '_ \/ _` | \ \ \ \
 \\/  ___)| |_)| | | | | || (_| |  ) ) ) )
  '  |____| .__|_| |_|_| |_\__, | / / / /
 =========|_|==============|___/=/_/_/_/

 :: Spring Boot ::                (v3.3.5)

2026-06-21T17:04:40.238Z  INFO 4364 --- [business-dictionary] [           main] c.e.b.api.DictionaryControllerTest       : Starting DictionaryControllerTest using Java 21.0.11 with PID 4364 (started by root in /workspace/repo)
2026-06-21T17:04:40.239Z  INFO 4364 --- [business-dictionary] [           main] c.e.b.api.DictionaryControllerTest       : No active profile set, falling back to 1 default profile: "default"
2026-06-21T17:04:42.181Z  INFO 4364 --- [business-dictionary] [           main] o.s.b.t.m.w.SpringBootMockServletContext : Initializing Spring TestDispatcherServlet ''
2026-06-21T17:04:42.182Z  INFO 4364 --- [business-dictionary] [           main] o.s.t.web.servlet.TestDispatcherServlet  : Initializing Servlet ''
2026-06-21T17:04:42.184Z  INFO 4364 --- [business-dictionary] [           main] o.s.t.web.servlet.TestDispatcherServlet  : Completed initialization in 1 ms
2026-06-21T17:04:42.201Z  INFO 4364 --- [business-dictionary] [           main] c.e.b.api.DictionaryControllerTest       : Started DictionaryControllerTest in 2.179 seconds (process running for 2.878)
]]></system-out>
    <system-err><![CDATA[WARNING: A Java agent has been loaded dynamically (/root/.m2/repository/net/bytebuddy/byte-buddy-agent/1.14.19/byte-buddy-agent-1.14.19.jar)
WARNING: If a serviceability tool is in use, please run with -XX:+EnableDynamicAgentLoading to hide this warning
WARNING: If a serviceability tool is not in use, please run with -Djdk.instrument.traceUsage for more information
WARNING: Dynamic loading of agents will be disallowed by default in a future release
]]></system-err>
  </testcase>
  <testcase name="returns200ForExistingTermLookup" classname="com.epam.businessdictionary.api.DictionaryControllerTest" time="0.021"/>
  <testcase name="returns400ForInvalidRequest" classname="com.epam.businessdictionary.api.DictionaryControllerTest" time="0.025"/>
  <testcase name="returns409ForDuplicateTerm" classname="com.epam.businessdictionary.api.DictionaryControllerTest" time="0.007"/>
  <testcase name="returns201ForValidCreateRequest" classname="com.epam.businessdictionary.api.DictionaryControllerTest" time="0.005"/>
  <testcase name="returns404ForMissingTermLookup" classname="com.epam.businessdictionary.api.DictionaryControllerTest" time="0.004"/>
</testsuite>